<?xml version="1.0" encoding="UTF-8"?>
<robot generator="Robot 6.1.1 (Python 3.12.6 on win32)" generated="20241115 17:45:52.308" rpa="false" schemaversion="4">
<suite id="s1" name="Tests" source="C:\Ylopisto\Ohjelmistotuotanto\Ohjelmistotuotanto-tehtavat\osa3\login-robot\src\tests">
<suite id="s1-s1" name="Login" source="C:\Ylopisto\Ohjelmistotuotanto\Ohjelmistotuotanto-tehtavat\osa3\login-robot\src\tests\login.robot">
<test id="s1-s1-t1" name="Login With Correct Credentials" line="6">
<kw name="Create User And Input Login Command" type="SETUP">
<kw name="Create User" library="AppLibrary">
<arg>kalle</arg>
<arg>kalle123</arg>
<msg timestamp="20241115 17:47:20.390" level="FAIL">BdbQuit</msg>
<status status="FAIL" starttime="20241115 17:45:52.343" endtime="20241115 17:47:20.391"/>
</kw>
<kw name="Input Login Command" library="resource">
<status status="NOT RUN" starttime="20241115 17:47:20.391" endtime="20241115 17:47:20.391"/>
</kw>
<status status="FAIL" starttime="20241115 17:45:52.343" endtime="20241115 17:47:20.391"/>
</kw>
<status status="FAIL" starttime="20241115 17:45:52.343" endtime="20241115 17:47:20.391">Setup failed:
BdbQuit</status>
</test>
<test id="s1-s1-t2" name="Login With Incorrect Password" line="10">
<kw name="Create User And Input Login Command" type="SETUP">
<kw name="Create User" library="AppLibrary">
<arg>kalle</arg>
<arg>kalle123</arg>
<msg timestamp="20241115 17:47:25.248" level="FAIL">BdbQuit</msg>
<status status="FAIL" starttime="20241115 17:47:20.392" endtime="20241115 17:47:25.249"/>
</kw>
<kw name="Input Login Command" library="resource">
<status status="NOT RUN" starttime="20241115 17:47:25.249" endtime="20241115 17:47:25.249"/>
</kw>
<status status="FAIL" starttime="20241115 17:47:20.392" endtime="20241115 17:47:25.249"/>
</kw>
<status status="FAIL" starttime="20241115 17:47:20.391" endtime="20241115 17:47:25.249">Setup failed:
BdbQuit</status>
</test>
<test id="s1-s1-t3" name="Login With Nonexistent Username" line="14">
<kw name="Create User And Input Login Command" type="SETUP">
<kw name="Create User" library="AppLibrary">
<arg>kalle</arg>
<arg>kalle123</arg>
<msg timestamp="20241115 17:47:26.150" level="FAIL">BdbQuit</msg>
<status status="FAIL" starttime="20241115 17:47:25.250" endtime="20241115 17:47:26.151"/>
</kw>
<kw name="Input Login Command" library="resource">
<status status="NOT RUN" starttime="20241115 17:47:26.151" endtime="20241115 17:47:26.151"/>
</kw>
<status status="FAIL" starttime="20241115 17:47:25.250" endtime="20241115 17:47:26.151"/>
</kw>
<status status="FAIL" starttime="20241115 17:47:25.249" endtime="20241115 17:47:26.151">Setup failed:
BdbQuit</status>
</test>
<status status="FAIL" starttime="20241115 17:45:52.329" endtime="20241115 17:47:26.151"/>
</suite>
<suite id="s1-s2" name="Register" source="C:\Ylopisto\Ohjelmistotuotanto\Ohjelmistotuotanto-tehtavat\osa3\login-robot\src\tests\register.robot">
<test id="s1-s2-t1" name="Register With Valid Username And Password" line="6">
<kw name="Create User And Input New Command" type="SETUP">
<kw name="Create User" library="AppLibrary">
<arg>testi</arg>
<arg>testaaja16</arg>
<msg timestamp="20241115 17:47:27.522" level="FAIL">BdbQuit</msg>
<status status="FAIL" starttime="20241115 17:47:26.154" endtime="20241115 17:47:27.523"/>
</kw>
<kw name="Input New Command" library="resource">
<status status="NOT RUN" starttime="20241115 17:47:27.523" endtime="20241115 17:47:27.523"/>
</kw>
<status status="FAIL" starttime="20241115 17:47:26.154" endtime="20241115 17:47:27.523"/>
</kw>
<status status="FAIL" starttime="20241115 17:47:26.154" endtime="20241115 17:47:27.523">Setup failed:
BdbQuit</status>
</test>
<test id="s1-s2-t2" name="Register With Already Taken Username And Valid Password" line="10">
<kw name="Create User And Input New Command" type="SETUP">
<kw name="Create User" library="AppLibrary">
<arg>testi</arg>
<arg>testaaja16</arg>
<msg timestamp="20241115 17:47:29.098" level="FAIL">BdbQuit</msg>
<status status="FAIL" starttime="20241115 17:47:27.523" endtime="20241115 17:47:29.098"/>
</kw>
<kw name="Input New Command" library="resource">
<status status="NOT RUN" starttime="20241115 17:47:29.098" endtime="20241115 17:47:29.098"/>
</kw>
<status status="FAIL" starttime="20241115 17:47:27.523" endtime="20241115 17:47:29.098"/>
</kw>
<status status="FAIL" starttime="20241115 17:47:27.523" endtime="20241115 17:47:29.099">Setup failed:
BdbQuit</status>
</test>
<test id="s1-s2-t3" name="Register With Too Short Username And Valid Password" line="14">
<kw name="Create User And Input New Command" type="SETUP">
<kw name="Create User" library="AppLibrary">
<arg>testi</arg>
<arg>testaaja16</arg>
<msg timestamp="20241115 17:47:30.274" level="FAIL">BdbQuit</msg>
<status status="FAIL" starttime="20241115 17:47:29.099" endtime="20241115 17:47:30.274"/>
</kw>
<kw name="Input New Command" library="resource">
<status status="NOT RUN" starttime="20241115 17:47:30.274" endtime="20241115 17:47:30.274"/>
</kw>
<status status="FAIL" starttime="20241115 17:47:29.099" endtime="20241115 17:47:30.274"/>
</kw>
<status status="FAIL" starttime="20241115 17:47:29.099" endtime="20241115 17:47:30.274">Setup failed:
BdbQuit</status>
</test>
<test id="s1-s2-t4" name="Register With Enough Long But Invalid Username And Valid Password" line="18">
<kw name="Create User And Input New Command" type="SETUP">
<kw name="Create User" library="AppLibrary">
<arg>testi</arg>
<arg>testaaja16</arg>
<status status="FAIL" starttime="20241115 17:47:30.275" endtime="20241115 17:47:30.679"/>
</kw>
<kw name="Input New Command" library="resource">
<status status="NOT RUN" starttime="20241115 17:47:30.679" endtime="20241115 17:47:30.679"/>
</kw>
<status status="FAIL" starttime="20241115 17:47:30.275" endtime="20241115 17:47:30.679"/>
</kw>
<status status="FAIL" starttime="20241115 17:47:30.275" endtime="20241115 17:47:30.679">Setup failed:
Execution terminated by signal</status>
</test>
<test id="s1-s2-t5" name="Register With Valid Username And Too Short Password" line="22">
<tag>robot:exit</tag>
<status status="FAIL" starttime="20241115 17:47:30.679" endtime="20241115 17:47:30.680">Test execution stopped due to a fatal error.</status>
</test>
<test id="s1-s2-t6" name="Register With Valid Username And Long Enough Password Containing Only Letters" line="26">
<tag>robot:exit</tag>
<status status="FAIL" starttime="20241115 17:47:30.680" endtime="20241115 17:47:30.680">Test execution stopped due to a fatal error.</status>
</test>
<status status="FAIL" starttime="20241115 17:47:26.151" endtime="20241115 17:47:30.680"/>
</suite>
<status status="FAIL" starttime="20241115 17:45:52.311" endtime="20241115 17:47:30.680"/>
</suite>
<statistics>
<total>
<stat pass="0" fail="9" skip="0">All Tests</stat>
</total>
<tag>
<stat pass="0" fail="7" skip="0" info="combined" combined="NOT robot:exit">NOT robot:exit</stat>
</tag>
<suite>
<stat pass="0" fail="9" skip="0" id="s1" name="Tests">Tests</stat>
<stat pass="0" fail="3" skip="0" id="s1-s1" name="Login">Tests.Login</stat>
<stat pass="0" fail="6" skip="0" id="s1-s2" name="Register">Tests.Register</stat>
</suite>
</statistics>
<errors>
</errors>
</robot>
